Detecting C OpenMP failed with the following output:
Change Dir: /Users/zhouwei/Desktop/ORB_SLAM3/build/CMakeFiles/CMakeTmp

Run Build Command(s):/usr/bin/make cmTC_f9edf/fast && /Library/Developer/CommandLineTools/usr/bin/make  -f CMakeFiles/cmTC_f9edf.dir/build.make CMakeFiles/cmTC_f9edf.dir/build
Building C object CMakeFiles/cmTC_f9edf.dir/OpenMPTryFlag.c.o
/Library/Developer/CommandLineTools/usr/bin/cc   -Wall   -O3 -fopenmp=libomp -v -isysroot /Library/Developer/CommandLineTools/SDKs/MacOSX10.15.sdk   -o CMakeFiles/cmTC_f9edf.dir/OpenMPTryFlag.c.o   -c /Users/zhouwei/Desktop/ORB_SLAM3/build/CMakeFiles/FindOpenMP/OpenMPTryFlag.c
Apple clang version 11.0.3 (clang-1103.0.32.62)
Target: x86_64-apple-darwin19.6.0
Thread model: posix
InstalledDir: /Library/Developer/CommandLineTools/usr/bin
clang: error: unsupported argument 'libomp' to option 'fopenmp='
make[1]: *** [CMakeFiles/cmTC_f9edf.dir/OpenMPTryFlag.c.o] Error 1
make: *** [cmTC_f9edf/fast] Error 2



Detecting C OpenMP failed with the following output:
Change Dir: /Users/zhouwei/Desktop/ORB_SLAM3/build/CMakeFiles/CMakeTmp

Run Build Command(s):/usr/bin/make cmTC_728f7/fast && /Library/Developer/CommandLineTools/usr/bin/make  -f CMakeFiles/cmTC_728f7.dir/build.make CMakeFiles/cmTC_728f7.dir/build
Building C object CMakeFiles/cmTC_728f7.dir/OpenMPTryFlag.c.o
/Library/Developer/CommandLineTools/usr/bin/cc   -Wall   -O3 -fopenmp=libiomp5 -v -isysroot /Library/Developer/CommandLineTools/SDKs/MacOSX10.15.sdk   -o CMakeFiles/cmTC_728f7.dir/OpenMPTryFlag.c.o   -c /Users/zhouwei/Desktop/ORB_SLAM3/build/CMakeFiles/FindOpenMP/OpenMPTryFlag.c
Apple clang version 11.0.3 (clang-1103.0.32.62)
Target: x86_64-apple-darwin19.6.0
Thread model: posix
InstalledDir: /Library/Developer/CommandLineTools/usr/bin
clang: error: unsupported argument 'libiomp5' to option 'fopenmp='
make[1]: *** [CMakeFiles/cmTC_728f7.dir/OpenMPTryFlag.c.o] Error 1
make: *** [cmTC_728f7/fast] Error 2



Detecting C OpenMP failed with the following output:
Change Dir: /Users/zhouwei/Desktop/ORB_SLAM3/build/CMakeFiles/CMakeTmp

Run Build Command(s):/usr/bin/make cmTC_5aef6/fast && /Library/Developer/CommandLineTools/usr/bin/make  -f CMakeFiles/cmTC_5aef6.dir/build.make CMakeFiles/cmTC_5aef6.dir/build
Building C object CMakeFiles/cmTC_5aef6.dir/OpenMPTryFlag.c.o
/Library/Developer/CommandLineTools/usr/bin/cc   -Wall   -O3 -fopenmp -v -isysroot /Library/Developer/CommandLineTools/SDKs/MacOSX10.15.sdk   -o CMakeFiles/cmTC_5aef6.dir/OpenMPTryFlag.c.o   -c /Users/zhouwei/Desktop/ORB_SLAM3/build/CMakeFiles/FindOpenMP/OpenMPTryFlag.c
Apple clang version 11.0.3 (clang-1103.0.32.62)
Target: x86_64-apple-darwin19.6.0
Thread model: posix
InstalledDir: /Library/Developer/CommandLineTools/usr/bin
clang: error: unsupported option '-fopenmp'
make[1]: *** [CMakeFiles/cmTC_5aef6.dir/OpenMPTryFlag.c.o] Error 1
make: *** [cmTC_5aef6/fast] Error 2



Detecting C OpenMP failed with the following output:
Change Dir: /Users/zhouwei/Desktop/ORB_SLAM3/build/CMakeFiles/CMakeTmp

Run Build Command(s):/usr/bin/make cmTC_65fa9/fast && /Library/Developer/CommandLineTools/usr/bin/make  -f CMakeFiles/cmTC_65fa9.dir/build.make CMakeFiles/cmTC_65fa9.dir/build
Building C object CMakeFiles/cmTC_65fa9.dir/OpenMPTryFlag.c.o
/Library/Developer/CommandLineTools/usr/bin/cc   -Wall   -O3 -Xclang -fopenmp -v -isysroot /Library/Developer/CommandLineTools/SDKs/MacOSX10.15.sdk   -o CMakeFiles/cmTC_65fa9.dir/OpenMPTryFlag.c.o   -c /Users/zhouwei/Desktop/ORB_SLAM3/build/CMakeFiles/FindOpenMP/OpenMPTryFlag.c
Apple clang version 11.0.3 (clang-1103.0.32.62)
Target: x86_64-apple-darwin19.6.0
Thread model: posix
InstalledDir: /Library/Developer/CommandLineTools/usr/bin
 "/Library/Developer/CommandLineTools/usr/bin/clang" -cc1 -triple x86_64-apple-macosx10.15.0 -Wdeprecated-objc-isa-usage -Werror=deprecated-objc-isa-usage -emit-obj -disable-free -disable-llvm-verifier -discard-value-names -main-file-name OpenMPTryFlag.c -mrelocation-model pic -pic-level 2 -mthread-model posix -mframe-pointer=all -fno-strict-return -masm-verbose -munwind-tables -target-sdk-version=10.15.4 -target-cpu penryn -dwarf-column-info -debugger-tuning=lldb -target-linker-version 556.6 -v -coverage-notes-file /Users/zhouwei/Desktop/ORB_SLAM3/build/CMakeFiles/CMakeTmp/CMakeFiles/cmTC_65fa9.dir/OpenMPTryFlag.c.gcno -resource-dir /Library/Developer/CommandLineTools/usr/lib/clang/11.0.3 -isysroot /Library/Developer/CommandLineTools/SDKs/MacOSX10.15.sdk -internal-isystem /Library/Developer/CommandLineTools/SDKs/MacOSX10.15.sdk/usr/local/include -internal-isystem /Library/Developer/CommandLineTools/usr/lib/clang/11.0.3/include -internal-externc-isystem /Library/Developer/CommandLineTools/SDKs/MacOSX10.15.sdk/usr/include -internal-externc-isystem /Library/Developer/CommandLineTools/usr/include -O3 -Wall -Wno-objc-signed-char-bool-implicit-int-conversion -Wno-extra-semi-stmt -Wno-quoted-include-in-framework-header -fdebug-compilation-dir /Users/zhouwei/Desktop/ORB_SLAM3/build/CMakeFiles/CMakeTmp -ferror-limit 19 -fmessage-length 0 -stack-protector 1 -fstack-check -mdarwin-stkchk-strong-link -fblocks -fencode-extended-block-signature -fregister-global-dtors-with-atexit -fobjc-runtime=macosx-10.15.0 -fmax-type-align=16 -fdiagnostics-show-option -vectorize-loops -vectorize-slp -fopenmp -o CMakeFiles/cmTC_65fa9.dir/OpenMPTryFlag.c.o -x c /Users/zhouwei/Desktop/ORB_SLAM3/build/CMakeFiles/FindOpenMP/OpenMPTryFlag.c
clang -cc1 version 11.0.3 (clang-1103.0.32.62) default target x86_64-apple-darwin19.6.0
ignoring nonexistent directory "/Library/Developer/CommandLineTools/SDKs/MacOSX10.15.sdk/usr/local/include"
ignoring nonexistent directory "/Library/Developer/CommandLineTools/SDKs/MacOSX10.15.sdk/Library/Frameworks"
#include "..." search starts here:
#include <...> search starts here:
 /Library/Developer/CommandLineTools/usr/lib/clang/11.0.3/include
 /Library/Developer/CommandLineTools/SDKs/MacOSX10.15.sdk/usr/include
 /Library/Developer/CommandLineTools/usr/include
 /Library/Developer/CommandLineTools/SDKs/MacOSX10.15.sdk/System/Library/Frameworks (framework directory)
End of search list.
/Users/zhouwei/Desktop/ORB_SLAM3/build/CMakeFiles/FindOpenMP/OpenMPTryFlag.c:2:10: fatal error: 'omp.h' file not found
#include <omp.h>
         ^~~~~~~
1 error generated.
make[1]: *** [CMakeFiles/cmTC_65fa9.dir/OpenMPTryFlag.c.o] Error 1
make: *** [cmTC_65fa9/fast] Error 2



Detecting CXX OpenMP failed with the following output:
Change Dir: /Users/zhouwei/Desktop/ORB_SLAM3/build/CMakeFiles/CMakeTmp

Run Build Command(s):/usr/bin/make cmTC_58926/fast && /Library/Developer/CommandLineTools/usr/bin/make  -f CMakeFiles/cmTC_58926.dir/build.make CMakeFiles/cmTC_58926.dir/build
Building CXX object CMakeFiles/cmTC_58926.dir/OpenMPTryFlag.cpp.o
/Library/Developer/CommandLineTools/usr/bin/c++    -Wall   -O3 -std=c++11 -fopenmp=libomp -v -isysroot /Library/Developer/CommandLineTools/SDKs/MacOSX10.15.sdk   -o CMakeFiles/cmTC_58926.dir/OpenMPTryFlag.cpp.o -c /Users/zhouwei/Desktop/ORB_SLAM3/build/CMakeFiles/FindOpenMP/OpenMPTryFlag.cpp
Apple clang version 11.0.3 (clang-1103.0.32.62)
Target: x86_64-apple-darwin19.6.0
Thread model: posix
InstalledDir: /Library/Developer/CommandLineTools/usr/bin
clang: error: unsupported argument 'libomp' to option 'fopenmp='
make[1]: *** [CMakeFiles/cmTC_58926.dir/OpenMPTryFlag.cpp.o] Error 1
make: *** [cmTC_58926/fast] Error 2



Detecting CXX OpenMP failed with the following output:
Change Dir: /Users/zhouwei/Desktop/ORB_SLAM3/build/CMakeFiles/CMakeTmp

Run Build Command(s):/usr/bin/make cmTC_ffb2e/fast && /Library/Developer/CommandLineTools/usr/bin/make  -f CMakeFiles/cmTC_ffb2e.dir/build.make CMakeFiles/cmTC_ffb2e.dir/build
Building CXX object CMakeFiles/cmTC_ffb2e.dir/OpenMPTryFlag.cpp.o
/Library/Developer/CommandLineTools/usr/bin/c++    -Wall   -O3 -std=c++11 -fopenmp=libiomp5 -v -isysroot /Library/Developer/CommandLineTools/SDKs/MacOSX10.15.sdk   -o CMakeFiles/cmTC_ffb2e.dir/OpenMPTryFlag.cpp.o -c /Users/zhouwei/Desktop/ORB_SLAM3/build/CMakeFiles/FindOpenMP/OpenMPTryFlag.cpp
Apple clang version 11.0.3 (clang-1103.0.32.62)
Target: x86_64-apple-darwin19.6.0
Thread model: posix
InstalledDir: /Library/Developer/CommandLineTools/usr/bin
clang: error: unsupported argument 'libiomp5' to option 'fopenmp='
make[1]: *** [CMakeFiles/cmTC_ffb2e.dir/OpenMPTryFlag.cpp.o] Error 1
make: *** [cmTC_ffb2e/fast] Error 2



Detecting CXX OpenMP failed with the following output:
Change Dir: /Users/zhouwei/Desktop/ORB_SLAM3/build/CMakeFiles/CMakeTmp

Run Build Command(s):/usr/bin/make cmTC_916da/fast && /Library/Developer/CommandLineTools/usr/bin/make  -f CMakeFiles/cmTC_916da.dir/build.make CMakeFiles/cmTC_916da.dir/build
Building CXX object CMakeFiles/cmTC_916da.dir/OpenMPTryFlag.cpp.o
/Library/Developer/CommandLineTools/usr/bin/c++    -Wall   -O3 -std=c++11 -fopenmp -v -isysroot /Library/Developer/CommandLineTools/SDKs/MacOSX10.15.sdk   -o CMakeFiles/cmTC_916da.dir/OpenMPTryFlag.cpp.o -c /Users/zhouwei/Desktop/ORB_SLAM3/build/CMakeFiles/FindOpenMP/OpenMPTryFlag.cpp
Apple clang version 11.0.3 (clang-1103.0.32.62)
Target: x86_64-apple-darwin19.6.0
Thread model: posix
InstalledDir: /Library/Developer/CommandLineTools/usr/bin
clang: error: unsupported option '-fopenmp'
make[1]: *** [CMakeFiles/cmTC_916da.dir/OpenMPTryFlag.cpp.o] Error 1
make: *** [cmTC_916da/fast] Error 2



Detecting CXX OpenMP failed with the following output:
Change Dir: /Users/zhouwei/Desktop/ORB_SLAM3/build/CMakeFiles/CMakeTmp

Run Build Command(s):/usr/bin/make cmTC_4e508/fast && /Library/Developer/CommandLineTools/usr/bin/make  -f CMakeFiles/cmTC_4e508.dir/build.make CMakeFiles/cmTC_4e508.dir/build
Building CXX object CMakeFiles/cmTC_4e508.dir/OpenMPTryFlag.cpp.o
/Library/Developer/CommandLineTools/usr/bin/c++    -Wall   -O3 -std=c++11 -Xclang -fopenmp -v -isysroot /Library/Developer/CommandLineTools/SDKs/MacOSX10.15.sdk   -o CMakeFiles/cmTC_4e508.dir/OpenMPTryFlag.cpp.o -c /Users/zhouwei/Desktop/ORB_SLAM3/build/CMakeFiles/FindOpenMP/OpenMPTryFlag.cpp
Apple clang version 11.0.3 (clang-1103.0.32.62)
Target: x86_64-apple-darwin19.6.0
Thread model: posix
InstalledDir: /Library/Developer/CommandLineTools/usr/bin
 "/Library/Developer/CommandLineTools/usr/bin/clang" -cc1 -triple x86_64-apple-macosx10.15.0 -Wdeprecated-objc-isa-usage -Werror=deprecated-objc-isa-usage -emit-obj -disable-free -disable-llvm-verifier -discard-value-names -main-file-name OpenMPTryFlag.cpp -mrelocation-model pic -pic-level 2 -mthread-model posix -mframe-pointer=all -fno-strict-return -masm-verbose -munwind-tables -target-sdk-version=10.15.4 -target-cpu penryn -dwarf-column-info -debugger-tuning=lldb -target-linker-version 556.6 -v -coverage-notes-file /Users/zhouwei/Desktop/ORB_SLAM3/build/CMakeFiles/CMakeTmp/CMakeFiles/cmTC_4e508.dir/OpenMPTryFlag.cpp.gcno -resource-dir /Library/Developer/CommandLineTools/usr/lib/clang/11.0.3 -isysroot /Library/Developer/CommandLineTools/SDKs/MacOSX10.15.sdk -stdlib=libc++ -internal-isystem /Library/Developer/CommandLineTools/usr/bin/../include/c++/v1 -internal-isystem /Library/Developer/CommandLineTools/SDKs/MacOSX10.15.sdk/usr/include/c++/v1 -internal-isystem /Library/Developer/CommandLineTools/SDKs/MacOSX10.15.sdk/usr/local/include -internal-isystem /Library/Developer/CommandLineTools/usr/lib/clang/11.0.3/include -internal-externc-isystem /Library/Developer/CommandLineTools/SDKs/MacOSX10.15.sdk/usr/include -internal-externc-isystem /Library/Developer/CommandLineTools/usr/include -O3 -Wall -Wno-objc-signed-char-bool-implicit-int-conversion -Wno-extra-semi-stmt -Wno-quoted-include-in-framework-header -std=c++11 -fdeprecated-macro -fdebug-compilation-dir /Users/zhouwei/Desktop/ORB_SLAM3/build/CMakeFiles/CMakeTmp -ferror-limit 19 -fmessage-length 0 -stack-protector 1 -fstack-check -mdarwin-stkchk-strong-link -fblocks -fencode-extended-block-signature -fregister-global-dtors-with-atexit -fobjc-runtime=macosx-10.15.0 -fcxx-exceptions -fexceptions -fmax-type-align=16 -fdiagnostics-show-option -vectorize-loops -vectorize-slp -fopenmp -o CMakeFiles/cmTC_4e508.dir/OpenMPTryFlag.cpp.o -x c++ /Users/zhouwei/Desktop/ORB_SLAM3/build/CMakeFiles/FindOpenMP/OpenMPTryFlag.cpp
clang -cc1 version 11.0.3 (clang-1103.0.32.62) default target x86_64-apple-darwin19.6.0
ignoring nonexistent directory "/Library/Developer/CommandLineTools/SDKs/MacOSX10.15.sdk/usr/include/c++/v1"
ignoring nonexistent directory "/Library/Developer/CommandLineTools/SDKs/MacOSX10.15.sdk/usr/local/include"
ignoring nonexistent directory "/Library/Developer/CommandLineTools/SDKs/MacOSX10.15.sdk/Library/Frameworks"
#include "..." search starts here:
#include <...> search starts here:
 /Library/Developer/CommandLineTools/usr/bin/../include/c++/v1
 /Library/Developer/CommandLineTools/usr/lib/clang/11.0.3/include
 /Library/Developer/CommandLineTools/SDKs/MacOSX10.15.sdk/usr/include
 /Library/Developer/CommandLineTools/usr/include
 /Library/Developer/CommandLineTools/SDKs/MacOSX10.15.sdk/System/Library/Frameworks (framework directory)
End of search list.
/Users/zhouwei/Desktop/ORB_SLAM3/build/CMakeFiles/FindOpenMP/OpenMPTryFlag.cpp:2:10: fatal error: 'omp.h' file not found
#include <omp.h>
         ^~~~~~~
1 error generated.
make[1]: *** [CMakeFiles/cmTC_4e508.dir/OpenMPTryFlag.cpp.o] Error 1
make: *** [cmTC_4e508/fast] Error 2



Detecting C OpenMP failed with the following output:
Change Dir: /Users/zhouwei/Desktop/ORB_SLAM3/build/CMakeFiles/CMakeTmp

Run Build Command(s):/usr/bin/make cmTC_9d290/fast && /Library/Developer/CommandLineTools/usr/bin/make  -f CMakeFiles/cmTC_9d290.dir/build.make CMakeFiles/cmTC_9d290.dir/build
Building C object CMakeFiles/cmTC_9d290.dir/OpenMPTryFlag.c.o
/Library/Developer/CommandLineTools/usr/bin/cc   -Wall   -O3 -fopenmp=libomp -v -isysroot /Library/Developer/CommandLineTools/SDKs/MacOSX10.15.sdk   -o CMakeFiles/cmTC_9d290.dir/OpenMPTryFlag.c.o   -c /Users/zhouwei/Desktop/ORB_SLAM3/build/CMakeFiles/FindOpenMP/OpenMPTryFlag.c
Apple clang version 11.0.3 (clang-1103.0.32.62)
Target: x86_64-apple-darwin19.6.0
Thread model: posix
InstalledDir: /Library/Developer/CommandLineTools/usr/bin
clang: error: unsupported argument 'libomp' to option 'fopenmp='
make[2]: *** [CMakeFiles/cmTC_9d290.dir/OpenMPTryFlag.c.o] Error 1
make[1]: *** [cmTC_9d290/fast] Error 2



Detecting C OpenMP failed with the following output:
Change Dir: /Users/zhouwei/Desktop/ORB_SLAM3/build/CMakeFiles/CMakeTmp

Run Build Command(s):/usr/bin/make cmTC_b4f50/fast && /Library/Developer/CommandLineTools/usr/bin/make  -f CMakeFiles/cmTC_b4f50.dir/build.make CMakeFiles/cmTC_b4f50.dir/build
Building C object CMakeFiles/cmTC_b4f50.dir/OpenMPTryFlag.c.o
/Library/Developer/CommandLineTools/usr/bin/cc   -Wall   -O3 -fopenmp=libiomp5 -v -isysroot /Library/Developer/CommandLineTools/SDKs/MacOSX10.15.sdk   -o CMakeFiles/cmTC_b4f50.dir/OpenMPTryFlag.c.o   -c /Users/zhouwei/Desktop/ORB_SLAM3/build/CMakeFiles/FindOpenMP/OpenMPTryFlag.c
Apple clang version 11.0.3 (clang-1103.0.32.62)
Target: x86_64-apple-darwin19.6.0
Thread model: posix
InstalledDir: /Library/Developer/CommandLineTools/usr/bin
clang: error: unsupported argument 'libiomp5' to option 'fopenmp='
make[2]: *** [CMakeFiles/cmTC_b4f50.dir/OpenMPTryFlag.c.o] Error 1
make[1]: *** [cmTC_b4f50/fast] Error 2



Detecting C OpenMP failed with the following output:
Change Dir: /Users/zhouwei/Desktop/ORB_SLAM3/build/CMakeFiles/CMakeTmp

Run Build Command(s):/usr/bin/make cmTC_6f2d7/fast && /Library/Developer/CommandLineTools/usr/bin/make  -f CMakeFiles/cmTC_6f2d7.dir/build.make CMakeFiles/cmTC_6f2d7.dir/build
Building C object CMakeFiles/cmTC_6f2d7.dir/OpenMPTryFlag.c.o
/Library/Developer/CommandLineTools/usr/bin/cc   -Wall   -O3 -fopenmp -v -isysroot /Library/Developer/CommandLineTools/SDKs/MacOSX10.15.sdk   -o CMakeFiles/cmTC_6f2d7.dir/OpenMPTryFlag.c.o   -c /Users/zhouwei/Desktop/ORB_SLAM3/build/CMakeFiles/FindOpenMP/OpenMPTryFlag.c
Apple clang version 11.0.3 (clang-1103.0.32.62)
Target: x86_64-apple-darwin19.6.0
Thread model: posix
InstalledDir: /Library/Developer/CommandLineTools/usr/bin
clang: error: unsupported option '-fopenmp'
make[2]: *** [CMakeFiles/cmTC_6f2d7.dir/OpenMPTryFlag.c.o] Error 1
make[1]: *** [cmTC_6f2d7/fast] Error 2



Detecting C OpenMP failed with the following output:
Change Dir: /Users/zhouwei/Desktop/ORB_SLAM3/build/CMakeFiles/CMakeTmp

Run Build Command(s):/usr/bin/make cmTC_44a7e/fast && /Library/Developer/CommandLineTools/usr/bin/make  -f CMakeFiles/cmTC_44a7e.dir/build.make CMakeFiles/cmTC_44a7e.dir/build
Building C object CMakeFiles/cmTC_44a7e.dir/OpenMPTryFlag.c.o
/Library/Developer/CommandLineTools/usr/bin/cc   -Wall   -O3 -Xclang -fopenmp -v -isysroot /Library/Developer/CommandLineTools/SDKs/MacOSX10.15.sdk   -o CMakeFiles/cmTC_44a7e.dir/OpenMPTryFlag.c.o   -c /Users/zhouwei/Desktop/ORB_SLAM3/build/CMakeFiles/FindOpenMP/OpenMPTryFlag.c
Apple clang version 11.0.3 (clang-1103.0.32.62)
Target: x86_64-apple-darwin19.6.0
Thread model: posix
InstalledDir: /Library/Developer/CommandLineTools/usr/bin
 "/Library/Developer/CommandLineTools/usr/bin/clang" -cc1 -triple x86_64-apple-macosx10.15.0 -Wdeprecated-objc-isa-usage -Werror=deprecated-objc-isa-usage -emit-obj -disable-free -disable-llvm-verifier -discard-value-names -main-file-name OpenMPTryFlag.c -mrelocation-model pic -pic-level 2 -mthread-model posix -mframe-pointer=all -fno-strict-return -masm-verbose -munwind-tables -target-sdk-version=10.15.4 -target-cpu penryn -dwarf-column-info -debugger-tuning=lldb -target-linker-version 556.6 -v -coverage-notes-file /Users/zhouwei/Desktop/ORB_SLAM3/build/CMakeFiles/CMakeTmp/CMakeFiles/cmTC_44a7e.dir/OpenMPTryFlag.c.gcno -resource-dir /Library/Developer/CommandLineTools/usr/lib/clang/11.0.3 -isysroot /Library/Developer/CommandLineTools/SDKs/MacOSX10.15.sdk -internal-isystem /Library/Developer/CommandLineTools/SDKs/MacOSX10.15.sdk/usr/local/include -internal-isystem /Library/Developer/CommandLineTools/usr/lib/clang/11.0.3/include -internal-externc-isystem /Library/Developer/CommandLineTools/SDKs/MacOSX10.15.sdk/usr/include -internal-externc-isystem /Library/Developer/CommandLineTools/usr/include -O3 -Wall -Wno-objc-signed-char-bool-implicit-int-conversion -Wno-extra-semi-stmt -Wno-quoted-include-in-framework-header -fdebug-compilation-dir /Users/zhouwei/Desktop/ORB_SLAM3/build/CMakeFiles/CMakeTmp -ferror-limit 19 -fmessage-length 0 -stack-protector 1 -fstack-check -mdarwin-stkchk-strong-link -fblocks -fencode-extended-block-signature -fregister-global-dtors-with-atexit -fobjc-runtime=macosx-10.15.0 -fmax-type-align=16 -fdiagnostics-show-option -vectorize-loops -vectorize-slp -fopenmp -o CMakeFiles/cmTC_44a7e.dir/OpenMPTryFlag.c.o -x c /Users/zhouwei/Desktop/ORB_SLAM3/build/CMakeFiles/FindOpenMP/OpenMPTryFlag.c
clang -cc1 version 11.0.3 (clang-1103.0.32.62) default target x86_64-apple-darwin19.6.0
ignoring nonexistent directory "/Library/Developer/CommandLineTools/SDKs/MacOSX10.15.sdk/usr/local/include"
ignoring nonexistent directory "/Library/Developer/CommandLineTools/SDKs/MacOSX10.15.sdk/Library/Frameworks"
#include "..." search starts here:
#include <...> search starts here:
 /Library/Developer/CommandLineTools/usr/lib/clang/11.0.3/include
 /Library/Developer/CommandLineTools/SDKs/MacOSX10.15.sdk/usr/include
 /Library/Developer/CommandLineTools/usr/include
 /Library/Developer/CommandLineTools/SDKs/MacOSX10.15.sdk/System/Library/Frameworks (framework directory)
End of search list.
/Users/zhouwei/Desktop/ORB_SLAM3/build/CMakeFiles/FindOpenMP/OpenMPTryFlag.c:2:10: fatal error: 'omp.h' file not found
#include <omp.h>
         ^~~~~~~
1 error generated.
make[2]: *** [CMakeFiles/cmTC_44a7e.dir/OpenMPTryFlag.c.o] Error 1
make[1]: *** [cmTC_44a7e/fast] Error 2



Detecting CXX OpenMP failed with the following output:
Change Dir: /Users/zhouwei/Desktop/ORB_SLAM3/build/CMakeFiles/CMakeTmp

Run Build Command(s):/usr/bin/make cmTC_3af7c/fast && /Library/Developer/CommandLineTools/usr/bin/make  -f CMakeFiles/cmTC_3af7c.dir/build.make CMakeFiles/cmTC_3af7c.dir/build
Building CXX object CMakeFiles/cmTC_3af7c.dir/OpenMPTryFlag.cpp.o
/Library/Developer/CommandLineTools/usr/bin/c++    -Wall   -O3 -std=c++11 -fopenmp=libomp -v -isysroot /Library/Developer/CommandLineTools/SDKs/MacOSX10.15.sdk   -o CMakeFiles/cmTC_3af7c.dir/OpenMPTryFlag.cpp.o -c /Users/zhouwei/Desktop/ORB_SLAM3/build/CMakeFiles/FindOpenMP/OpenMPTryFlag.cpp
Apple clang version 11.0.3 (clang-1103.0.32.62)
Target: x86_64-apple-darwin19.6.0
Thread model: posix
InstalledDir: /Library/Developer/CommandLineTools/usr/bin
clang: error: unsupported argument 'libomp' to option 'fopenmp='
make[2]: *** [CMakeFiles/cmTC_3af7c.dir/OpenMPTryFlag.cpp.o] Error 1
make[1]: *** [cmTC_3af7c/fast] Error 2



Detecting CXX OpenMP failed with the following output:
Change Dir: /Users/zhouwei/Desktop/ORB_SLAM3/build/CMakeFiles/CMakeTmp

Run Build Command(s):/usr/bin/make cmTC_70090/fast && /Library/Developer/CommandLineTools/usr/bin/make  -f CMakeFiles/cmTC_70090.dir/build.make CMakeFiles/cmTC_70090.dir/build
Building CXX object CMakeFiles/cmTC_70090.dir/OpenMPTryFlag.cpp.o
/Library/Developer/CommandLineTools/usr/bin/c++    -Wall   -O3 -std=c++11 -fopenmp=libiomp5 -v -isysroot /Library/Developer/CommandLineTools/SDKs/MacOSX10.15.sdk   -o CMakeFiles/cmTC_70090.dir/OpenMPTryFlag.cpp.o -c /Users/zhouwei/Desktop/ORB_SLAM3/build/CMakeFiles/FindOpenMP/OpenMPTryFlag.cpp
Apple clang version 11.0.3 (clang-1103.0.32.62)
Target: x86_64-apple-darwin19.6.0
Thread model: posix
InstalledDir: /Library/Developer/CommandLineTools/usr/bin
clang: error: unsupported argument 'libiomp5' to option 'fopenmp='
make[2]: *** [CMakeFiles/cmTC_70090.dir/OpenMPTryFlag.cpp.o] Error 1
make[1]: *** [cmTC_70090/fast] Error 2



Detecting CXX OpenMP failed with the following output:
Change Dir: /Users/zhouwei/Desktop/ORB_SLAM3/build/CMakeFiles/CMakeTmp

Run Build Command(s):/usr/bin/make cmTC_1fe0f/fast && /Library/Developer/CommandLineTools/usr/bin/make  -f CMakeFiles/cmTC_1fe0f.dir/build.make CMakeFiles/cmTC_1fe0f.dir/build
Building CXX object CMakeFiles/cmTC_1fe0f.dir/OpenMPTryFlag.cpp.o
/Library/Developer/CommandLineTools/usr/bin/c++    -Wall   -O3 -std=c++11 -fopenmp -v -isysroot /Library/Developer/CommandLineTools/SDKs/MacOSX10.15.sdk   -o CMakeFiles/cmTC_1fe0f.dir/OpenMPTryFlag.cpp.o -c /Users/zhouwei/Desktop/ORB_SLAM3/build/CMakeFiles/FindOpenMP/OpenMPTryFlag.cpp
Apple clang version 11.0.3 (clang-1103.0.32.62)
Target: x86_64-apple-darwin19.6.0
Thread model: posix
InstalledDir: /Library/Developer/CommandLineTools/usr/bin
clang: error: unsupported option '-fopenmp'
make[2]: *** [CMakeFiles/cmTC_1fe0f.dir/OpenMPTryFlag.cpp.o] Error 1
make[1]: *** [cmTC_1fe0f/fast] Error 2



Detecting CXX OpenMP failed with the following output:
Change Dir: /Users/zhouwei/Desktop/ORB_SLAM3/build/CMakeFiles/CMakeTmp

Run Build Command(s):/usr/bin/make cmTC_fe3c3/fast && /Library/Developer/CommandLineTools/usr/bin/make  -f CMakeFiles/cmTC_fe3c3.dir/build.make CMakeFiles/cmTC_fe3c3.dir/build
Building CXX object CMakeFiles/cmTC_fe3c3.dir/OpenMPTryFlag.cpp.o
/Library/Developer/CommandLineTools/usr/bin/c++    -Wall   -O3 -std=c++11 -Xclang -fopenmp -v -isysroot /Library/Developer/CommandLineTools/SDKs/MacOSX10.15.sdk   -o CMakeFiles/cmTC_fe3c3.dir/OpenMPTryFlag.cpp.o -c /Users/zhouwei/Desktop/ORB_SLAM3/build/CMakeFiles/FindOpenMP/OpenMPTryFlag.cpp
Apple clang version 11.0.3 (clang-1103.0.32.62)
Target: x86_64-apple-darwin19.6.0
Thread model: posix
InstalledDir: /Library/Developer/CommandLineTools/usr/bin
 "/Library/Developer/CommandLineTools/usr/bin/clang" -cc1 -triple x86_64-apple-macosx10.15.0 -Wdeprecated-objc-isa-usage -Werror=deprecated-objc-isa-usage -emit-obj -disable-free -disable-llvm-verifier -discard-value-names -main-file-name OpenMPTryFlag.cpp -mrelocation-model pic -pic-level 2 -mthread-model posix -mframe-pointer=all -fno-strict-return -masm-verbose -munwind-tables -target-sdk-version=10.15.4 -target-cpu penryn -dwarf-column-info -debugger-tuning=lldb -target-linker-version 556.6 -v -coverage-notes-file /Users/zhouwei/Desktop/ORB_SLAM3/build/CMakeFiles/CMakeTmp/CMakeFiles/cmTC_fe3c3.dir/OpenMPTryFlag.cpp.gcno -resource-dir /Library/Developer/CommandLineTools/usr/lib/clang/11.0.3 -isysroot /Library/Developer/CommandLineTools/SDKs/MacOSX10.15.sdk -stdlib=libc++ -internal-isystem /Library/Developer/CommandLineTools/usr/bin/../include/c++/v1 -internal-isystem /Library/Developer/CommandLineTools/SDKs/MacOSX10.15.sdk/usr/include/c++/v1 -internal-isystem /Library/Developer/CommandLineTools/SDKs/MacOSX10.15.sdk/usr/local/include -internal-isystem /Library/Developer/CommandLineTools/usr/lib/clang/11.0.3/include -internal-externc-isystem /Library/Developer/CommandLineTools/SDKs/MacOSX10.15.sdk/usr/include -internal-externc-isystem /Library/Developer/CommandLineTools/usr/include -O3 -Wall -Wno-objc-signed-char-bool-implicit-int-conversion -Wno-extra-semi-stmt -Wno-quoted-include-in-framework-header -std=c++11 -fdeprecated-macro -fdebug-compilation-dir /Users/zhouwei/Desktop/ORB_SLAM3/build/CMakeFiles/CMakeTmp -ferror-limit 19 -fmessage-length 0 -stack-protector 1 -fstack-check -mdarwin-stkchk-strong-link -fblocks -fencode-extended-block-signature -fregister-global-dtors-with-atexit -fobjc-runtime=macosx-10.15.0 -fcxx-exceptions -fexceptions -fmax-type-align=16 -fdiagnostics-show-option -vectorize-loops -vectorize-slp -fopenmp -o CMakeFiles/cmTC_fe3c3.dir/OpenMPTryFlag.cpp.o -x c++ /Users/zhouwei/Desktop/ORB_SLAM3/build/CMakeFiles/FindOpenMP/OpenMPTryFlag.cpp
clang -cc1 version 11.0.3 (clang-1103.0.32.62) default target x86_64-apple-darwin19.6.0
ignoring nonexistent directory "/Library/Developer/CommandLineTools/SDKs/MacOSX10.15.sdk/usr/include/c++/v1"
ignoring nonexistent directory "/Library/Developer/CommandLineTools/SDKs/MacOSX10.15.sdk/usr/local/include"
ignoring nonexistent directory "/Library/Developer/CommandLineTools/SDKs/MacOSX10.15.sdk/Library/Frameworks"
#include "..." search starts here:
#include <...> search starts here:
 /Library/Developer/CommandLineTools/usr/bin/../include/c++/v1
 /Library/Developer/CommandLineTools/usr/lib/clang/11.0.3/include
 /Library/Developer/CommandLineTools/SDKs/MacOSX10.15.sdk/usr/include
 /Library/Developer/CommandLineTools/usr/include
 /Library/Developer/CommandLineTools/SDKs/MacOSX10.15.sdk/System/Library/Frameworks (framework directory)
End of search list.
/Users/zhouwei/Desktop/ORB_SLAM3/build/CMakeFiles/FindOpenMP/OpenMPTryFlag.cpp:2:10: fatal error: 'omp.h' file not found
#include <omp.h>
         ^~~~~~~
1 error generated.
make[2]: *** [CMakeFiles/cmTC_fe3c3.dir/OpenMPTryFlag.cpp.o] Error 1
make[1]: *** [cmTC_fe3c3/fast] Error 2



Detecting C OpenMP failed with the following output:
Change Dir: /Users/zhouwei/Desktop/ORB_SLAM3/build/CMakeFiles/CMakeTmp

Run Build Command(s):/usr/bin/make cmTC_514a5/fast && /Library/Developer/CommandLineTools/usr/bin/make  -f CMakeFiles/cmTC_514a5.dir/build.make CMakeFiles/cmTC_514a5.dir/build
Building C object CMakeFiles/cmTC_514a5.dir/OpenMPTryFlag.c.o
/Library/Developer/CommandLineTools/usr/bin/cc   -Wall   -O3 -fopenmp=libomp -v -isysroot /Library/Developer/CommandLineTools/SDKs/MacOSX10.15.sdk   -o CMakeFiles/cmTC_514a5.dir/OpenMPTryFlag.c.o   -c /Users/zhouwei/Desktop/ORB_SLAM3/build/CMakeFiles/FindOpenMP/OpenMPTryFlag.c
Apple clang version 11.0.3 (clang-1103.0.32.62)
Target: x86_64-apple-darwin19.6.0
Thread model: posix
InstalledDir: /Library/Developer/CommandLineTools/usr/bin
clang: error: unsupported argument 'libomp' to option 'fopenmp='
make[1]: *** [CMakeFiles/cmTC_514a5.dir/OpenMPTryFlag.c.o] Error 1
make: *** [cmTC_514a5/fast] Error 2



Detecting C OpenMP failed with the following output:
Change Dir: /Users/zhouwei/Desktop/ORB_SLAM3/build/CMakeFiles/CMakeTmp

Run Build Command(s):/usr/bin/make cmTC_a37c1/fast && /Library/Developer/CommandLineTools/usr/bin/make  -f CMakeFiles/cmTC_a37c1.dir/build.make CMakeFiles/cmTC_a37c1.dir/build
Building C object CMakeFiles/cmTC_a37c1.dir/OpenMPTryFlag.c.o
/Library/Developer/CommandLineTools/usr/bin/cc   -Wall   -O3 -fopenmp=libiomp5 -v -isysroot /Library/Developer/CommandLineTools/SDKs/MacOSX10.15.sdk   -o CMakeFiles/cmTC_a37c1.dir/OpenMPTryFlag.c.o   -c /Users/zhouwei/Desktop/ORB_SLAM3/build/CMakeFiles/FindOpenMP/OpenMPTryFlag.c
Apple clang version 11.0.3 (clang-1103.0.32.62)
Target: x86_64-apple-darwin19.6.0
Thread model: posix
InstalledDir: /Library/Developer/CommandLineTools/usr/bin
clang: error: unsupported argument 'libiomp5' to option 'fopenmp='
make[1]: *** [CMakeFiles/cmTC_a37c1.dir/OpenMPTryFlag.c.o] Error 1
make: *** [cmTC_a37c1/fast] Error 2



Detecting C OpenMP failed with the following output:
Change Dir: /Users/zhouwei/Desktop/ORB_SLAM3/build/CMakeFiles/CMakeTmp

Run Build Command(s):/usr/bin/make cmTC_afb73/fast && /Library/Developer/CommandLineTools/usr/bin/make  -f CMakeFiles/cmTC_afb73.dir/build.make CMakeFiles/cmTC_afb73.dir/build
Building C object CMakeFiles/cmTC_afb73.dir/OpenMPTryFlag.c.o
/Library/Developer/CommandLineTools/usr/bin/cc   -Wall   -O3 -fopenmp -v -isysroot /Library/Developer/CommandLineTools/SDKs/MacOSX10.15.sdk   -o CMakeFiles/cmTC_afb73.dir/OpenMPTryFlag.c.o   -c /Users/zhouwei/Desktop/ORB_SLAM3/build/CMakeFiles/FindOpenMP/OpenMPTryFlag.c
Apple clang version 11.0.3 (clang-1103.0.32.62)
Target: x86_64-apple-darwin19.6.0
Thread model: posix
InstalledDir: /Library/Developer/CommandLineTools/usr/bin
clang: error: unsupported option '-fopenmp'
make[1]: *** [CMakeFiles/cmTC_afb73.dir/OpenMPTryFlag.c.o] Error 1
make: *** [cmTC_afb73/fast] Error 2



Detecting C OpenMP failed with the following output:
Change Dir: /Users/zhouwei/Desktop/ORB_SLAM3/build/CMakeFiles/CMakeTmp

Run Build Command(s):/usr/bin/make cmTC_eb616/fast && /Library/Developer/CommandLineTools/usr/bin/make  -f CMakeFiles/cmTC_eb616.dir/build.make CMakeFiles/cmTC_eb616.dir/build
Building C object CMakeFiles/cmTC_eb616.dir/OpenMPTryFlag.c.o
/Library/Developer/CommandLineTools/usr/bin/cc   -Wall   -O3 -Xclang -fopenmp -v -isysroot /Library/Developer/CommandLineTools/SDKs/MacOSX10.15.sdk   -o CMakeFiles/cmTC_eb616.dir/OpenMPTryFlag.c.o   -c /Users/zhouwei/Desktop/ORB_SLAM3/build/CMakeFiles/FindOpenMP/OpenMPTryFlag.c
Apple clang version 11.0.3 (clang-1103.0.32.62)
Target: x86_64-apple-darwin19.6.0
Thread model: posix
InstalledDir: /Library/Developer/CommandLineTools/usr/bin
 "/Library/Developer/CommandLineTools/usr/bin/clang" -cc1 -triple x86_64-apple-macosx10.15.0 -Wdeprecated-objc-isa-usage -Werror=deprecated-objc-isa-usage -emit-obj -disable-free -disable-llvm-verifier -discard-value-names -main-file-name OpenMPTryFlag.c -mrelocation-model pic -pic-level 2 -mthread-model posix -mframe-pointer=all -fno-strict-return -masm-verbose -munwind-tables -target-sdk-version=10.15.4 -target-cpu penryn -dwarf-column-info -debugger-tuning=lldb -target-linker-version 556.6 -v -coverage-notes-file /Users/zhouwei/Desktop/ORB_SLAM3/build/CMakeFiles/CMakeTmp/CMakeFiles/cmTC_eb616.dir/OpenMPTryFlag.c.gcno -resource-dir /Library/Developer/CommandLineTools/usr/lib/clang/11.0.3 -isysroot /Library/Developer/CommandLineTools/SDKs/MacOSX10.15.sdk -internal-isystem /Library/Developer/CommandLineTools/SDKs/MacOSX10.15.sdk/usr/local/include -internal-isystem /Library/Developer/CommandLineTools/usr/lib/clang/11.0.3/include -internal-externc-isystem /Library/Developer/CommandLineTools/SDKs/MacOSX10.15.sdk/usr/include -internal-externc-isystem /Library/Developer/CommandLineTools/usr/include -O3 -Wall -Wno-objc-signed-char-bool-implicit-int-conversion -Wno-extra-semi-stmt -Wno-quoted-include-in-framework-header -fdebug-compilation-dir /Users/zhouwei/Desktop/ORB_SLAM3/build/CMakeFiles/CMakeTmp -ferror-limit 19 -fmessage-length 0 -stack-protector 1 -fstack-check -mdarwin-stkchk-strong-link -fblocks -fencode-extended-block-signature -fregister-global-dtors-with-atexit -fobjc-runtime=macosx-10.15.0 -fmax-type-align=16 -fdiagnostics-show-option -vectorize-loops -vectorize-slp -fopenmp -o CMakeFiles/cmTC_eb616.dir/OpenMPTryFlag.c.o -x c /Users/zhouwei/Desktop/ORB_SLAM3/build/CMakeFiles/FindOpenMP/OpenMPTryFlag.c
clang -cc1 version 11.0.3 (clang-1103.0.32.62) default target x86_64-apple-darwin19.6.0
ignoring nonexistent directory "/Library/Developer/CommandLineTools/SDKs/MacOSX10.15.sdk/usr/local/include"
ignoring nonexistent directory "/Library/Developer/CommandLineTools/SDKs/MacOSX10.15.sdk/Library/Frameworks"
#include "..." search starts here:
#include <...> search starts here:
 /Library/Developer/CommandLineTools/usr/lib/clang/11.0.3/include
 /Library/Developer/CommandLineTools/SDKs/MacOSX10.15.sdk/usr/include
 /Library/Developer/CommandLineTools/usr/include
 /Library/Developer/CommandLineTools/SDKs/MacOSX10.15.sdk/System/Library/Frameworks (framework directory)
End of search list.
/Users/zhouwei/Desktop/ORB_SLAM3/build/CMakeFiles/FindOpenMP/OpenMPTryFlag.c:2:10: fatal error: 'omp.h' file not found
#include <omp.h>
         ^~~~~~~
1 error generated.
make[1]: *** [CMakeFiles/cmTC_eb616.dir/OpenMPTryFlag.c.o] Error 1
make: *** [cmTC_eb616/fast] Error 2



Detecting CXX OpenMP failed with the following output:
Change Dir: /Users/zhouwei/Desktop/ORB_SLAM3/build/CMakeFiles/CMakeTmp

Run Build Command(s):/usr/bin/make cmTC_8024a/fast && /Library/Developer/CommandLineTools/usr/bin/make  -f CMakeFiles/cmTC_8024a.dir/build.make CMakeFiles/cmTC_8024a.dir/build
Building CXX object CMakeFiles/cmTC_8024a.dir/OpenMPTryFlag.cpp.o
/Library/Developer/CommandLineTools/usr/bin/c++    -Wall   -O3 -std=c++11 -fopenmp=libomp -v -isysroot /Library/Developer/CommandLineTools/SDKs/MacOSX10.15.sdk   -o CMakeFiles/cmTC_8024a.dir/OpenMPTryFlag.cpp.o -c /Users/zhouwei/Desktop/ORB_SLAM3/build/CMakeFiles/FindOpenMP/OpenMPTryFlag.cpp
Apple clang version 11.0.3 (clang-1103.0.32.62)
Target: x86_64-apple-darwin19.6.0
Thread model: posix
InstalledDir: /Library/Developer/CommandLineTools/usr/bin
clang: error: unsupported argument 'libomp' to option 'fopenmp='
make[1]: *** [CMakeFiles/cmTC_8024a.dir/OpenMPTryFlag.cpp.o] Error 1
make: *** [cmTC_8024a/fast] Error 2



Detecting CXX OpenMP failed with the following output:
Change Dir: /Users/zhouwei/Desktop/ORB_SLAM3/build/CMakeFiles/CMakeTmp

Run Build Command(s):/usr/bin/make cmTC_665da/fast && /Library/Developer/CommandLineTools/usr/bin/make  -f CMakeFiles/cmTC_665da.dir/build.make CMakeFiles/cmTC_665da.dir/build
Building CXX object CMakeFiles/cmTC_665da.dir/OpenMPTryFlag.cpp.o
/Library/Developer/CommandLineTools/usr/bin/c++    -Wall   -O3 -std=c++11 -fopenmp=libiomp5 -v -isysroot /Library/Developer/CommandLineTools/SDKs/MacOSX10.15.sdk   -o CMakeFiles/cmTC_665da.dir/OpenMPTryFlag.cpp.o -c /Users/zhouwei/Desktop/ORB_SLAM3/build/CMakeFiles/FindOpenMP/OpenMPTryFlag.cpp
Apple clang version 11.0.3 (clang-1103.0.32.62)
Target: x86_64-apple-darwin19.6.0
Thread model: posix
InstalledDir: /Library/Developer/CommandLineTools/usr/bin
clang: error: unsupported argument 'libiomp5' to option 'fopenmp='
make[1]: *** [CMakeFiles/cmTC_665da.dir/OpenMPTryFlag.cpp.o] Error 1
make: *** [cmTC_665da/fast] Error 2



Detecting CXX OpenMP failed with the following output:
Change Dir: /Users/zhouwei/Desktop/ORB_SLAM3/build/CMakeFiles/CMakeTmp

Run Build Command(s):/usr/bin/make cmTC_b7ffd/fast && /Library/Developer/CommandLineTools/usr/bin/make  -f CMakeFiles/cmTC_b7ffd.dir/build.make CMakeFiles/cmTC_b7ffd.dir/build
Building CXX object CMakeFiles/cmTC_b7ffd.dir/OpenMPTryFlag.cpp.o
/Library/Developer/CommandLineTools/usr/bin/c++    -Wall   -O3 -std=c++11 -fopenmp -v -isysroot /Library/Developer/CommandLineTools/SDKs/MacOSX10.15.sdk   -o CMakeFiles/cmTC_b7ffd.dir/OpenMPTryFlag.cpp.o -c /Users/zhouwei/Desktop/ORB_SLAM3/build/CMakeFiles/FindOpenMP/OpenMPTryFlag.cpp
Apple clang version 11.0.3 (clang-1103.0.32.62)
Target: x86_64-apple-darwin19.6.0
Thread model: posix
InstalledDir: /Library/Developer/CommandLineTools/usr/bin
clang: error: unsupported option '-fopenmp'
make[1]: *** [CMakeFiles/cmTC_b7ffd.dir/OpenMPTryFlag.cpp.o] Error 1
make: *** [cmTC_b7ffd/fast] Error 2



Detecting CXX OpenMP failed with the following output:
Change Dir: /Users/zhouwei/Desktop/ORB_SLAM3/build/CMakeFiles/CMakeTmp

Run Build Command(s):/usr/bin/make cmTC_3accb/fast && /Library/Developer/CommandLineTools/usr/bin/make  -f CMakeFiles/cmTC_3accb.dir/build.make CMakeFiles/cmTC_3accb.dir/build
Building CXX object CMakeFiles/cmTC_3accb.dir/OpenMPTryFlag.cpp.o
/Library/Developer/CommandLineTools/usr/bin/c++    -Wall   -O3 -std=c++11 -Xclang -fopenmp -v -isysroot /Library/Developer/CommandLineTools/SDKs/MacOSX10.15.sdk   -o CMakeFiles/cmTC_3accb.dir/OpenMPTryFlag.cpp.o -c /Users/zhouwei/Desktop/ORB_SLAM3/build/CMakeFiles/FindOpenMP/OpenMPTryFlag.cpp
Apple clang version 11.0.3 (clang-1103.0.32.62)
Target: x86_64-apple-darwin19.6.0
Thread model: posix
InstalledDir: /Library/Developer/CommandLineTools/usr/bin
 "/Library/Developer/CommandLineTools/usr/bin/clang" -cc1 -triple x86_64-apple-macosx10.15.0 -Wdeprecated-objc-isa-usage -Werror=deprecated-objc-isa-usage -emit-obj -disable-free -disable-llvm-verifier -discard-value-names -main-file-name OpenMPTryFlag.cpp -mrelocation-model pic -pic-level 2 -mthread-model posix -mframe-pointer=all -fno-strict-return -masm-verbose -munwind-tables -target-sdk-version=10.15.4 -target-cpu penryn -dwarf-column-info -debugger-tuning=lldb -target-linker-version 556.6 -v -coverage-notes-file /Users/zhouwei/Desktop/ORB_SLAM3/build/CMakeFiles/CMakeTmp/CMakeFiles/cmTC_3accb.dir/OpenMPTryFlag.cpp.gcno -resource-dir /Library/Developer/CommandLineTools/usr/lib/clang/11.0.3 -isysroot /Library/Developer/CommandLineTools/SDKs/MacOSX10.15.sdk -stdlib=libc++ -internal-isystem /Library/Developer/CommandLineTools/usr/bin/../include/c++/v1 -internal-isystem /Library/Developer/CommandLineTools/SDKs/MacOSX10.15.sdk/usr/include/c++/v1 -internal-isystem /Library/Developer/CommandLineTools/SDKs/MacOSX10.15.sdk/usr/local/include -internal-isystem /Library/Developer/CommandLineTools/usr/lib/clang/11.0.3/include -internal-externc-isystem /Library/Developer/CommandLineTools/SDKs/MacOSX10.15.sdk/usr/include -internal-externc-isystem /Library/Developer/CommandLineTools/usr/include -O3 -Wall -Wno-objc-signed-char-bool-implicit-int-conversion -Wno-extra-semi-stmt -Wno-quoted-include-in-framework-header -std=c++11 -fdeprecated-macro -fdebug-compilation-dir /Users/zhouwei/Desktop/ORB_SLAM3/build/CMakeFiles/CMakeTmp -ferror-limit 19 -fmessage-length 0 -stack-protector 1 -fstack-check -mdarwin-stkchk-strong-link -fblocks -fencode-extended-block-signature -fregister-global-dtors-with-atexit -fobjc-runtime=macosx-10.15.0 -fcxx-exceptions -fexceptions -fmax-type-align=16 -fdiagnostics-show-option -vectorize-loops -vectorize-slp -fopenmp -o CMakeFiles/cmTC_3accb.dir/OpenMPTryFlag.cpp.o -x c++ /Users/zhouwei/Desktop/ORB_SLAM3/build/CMakeFiles/FindOpenMP/OpenMPTryFlag.cpp
clang -cc1 version 11.0.3 (clang-1103.0.32.62) default target x86_64-apple-darwin19.6.0
ignoring nonexistent directory "/Library/Developer/CommandLineTools/SDKs/MacOSX10.15.sdk/usr/include/c++/v1"
ignoring nonexistent directory "/Library/Developer/CommandLineTools/SDKs/MacOSX10.15.sdk/usr/local/include"
ignoring nonexistent directory "/Library/Developer/CommandLineTools/SDKs/MacOSX10.15.sdk/Library/Frameworks"
#include "..." search starts here:
#include <...> search starts here:
 /Library/Developer/CommandLineTools/usr/bin/../include/c++/v1
 /Library/Developer/CommandLineTools/usr/lib/clang/11.0.3/include
 /Library/Developer/CommandLineTools/SDKs/MacOSX10.15.sdk/usr/include
 /Library/Developer/CommandLineTools/usr/include
 /Library/Developer/CommandLineTools/SDKs/MacOSX10.15.sdk/System/Library/Frameworks (framework directory)
End of search list.
/Users/zhouwei/Desktop/ORB_SLAM3/build/CMakeFiles/FindOpenMP/OpenMPTryFlag.cpp:2:10: fatal error: 'omp.h' file not found
#include <omp.h>
         ^~~~~~~
1 error generated.
make[1]: *** [CMakeFiles/cmTC_3accb.dir/OpenMPTryFlag.cpp.o] Error 1
make: *** [cmTC_3accb/fast] Error 2



Detecting C OpenMP failed with the following output:
Change Dir: /Users/zhouwei/Desktop/ORB_SLAM3/build/CMakeFiles/CMakeTmp

Run Build Command(s):/usr/bin/make cmTC_82905/fast && /Library/Developer/CommandLineTools/usr/bin/make  -f CMakeFiles/cmTC_82905.dir/build.make CMakeFiles/cmTC_82905.dir/build
Building C object CMakeFiles/cmTC_82905.dir/OpenMPTryFlag.c.o
/Library/Developer/CommandLineTools/usr/bin/cc   -Wall   -O3 -fopenmp=libomp -v -isysroot /Library/Developer/CommandLineTools/SDKs/MacOSX10.15.sdk   -o CMakeFiles/cmTC_82905.dir/OpenMPTryFlag.c.o   -c /Users/zhouwei/Desktop/ORB_SLAM3/build/CMakeFiles/FindOpenMP/OpenMPTryFlag.c
Apple clang version 11.0.3 (clang-1103.0.32.62)
Target: x86_64-apple-darwin19.6.0
Thread model: posix
InstalledDir: /Library/Developer/CommandLineTools/usr/bin
clang: error: unsupported argument 'libomp' to option 'fopenmp='
make[2]: *** [CMakeFiles/cmTC_82905.dir/OpenMPTryFlag.c.o] Error 1
make[1]: *** [cmTC_82905/fast] Error 2



Detecting C OpenMP failed with the following output:
Change Dir: /Users/zhouwei/Desktop/ORB_SLAM3/build/CMakeFiles/CMakeTmp

Run Build Command(s):/usr/bin/make cmTC_ab269/fast && /Library/Developer/CommandLineTools/usr/bin/make  -f CMakeFiles/cmTC_ab269.dir/build.make CMakeFiles/cmTC_ab269.dir/build
Building C object CMakeFiles/cmTC_ab269.dir/OpenMPTryFlag.c.o
/Library/Developer/CommandLineTools/usr/bin/cc   -Wall   -O3 -fopenmp=libiomp5 -v -isysroot /Library/Developer/CommandLineTools/SDKs/MacOSX10.15.sdk   -o CMakeFiles/cmTC_ab269.dir/OpenMPTryFlag.c.o   -c /Users/zhouwei/Desktop/ORB_SLAM3/build/CMakeFiles/FindOpenMP/OpenMPTryFlag.c
Apple clang version 11.0.3 (clang-1103.0.32.62)
Target: x86_64-apple-darwin19.6.0
Thread model: posix
InstalledDir: /Library/Developer/CommandLineTools/usr/bin
clang: error: unsupported argument 'libiomp5' to option 'fopenmp='
make[2]: *** [CMakeFiles/cmTC_ab269.dir/OpenMPTryFlag.c.o] Error 1
make[1]: *** [cmTC_ab269/fast] Error 2



Detecting C OpenMP failed with the following output:
Change Dir: /Users/zhouwei/Desktop/ORB_SLAM3/build/CMakeFiles/CMakeTmp

Run Build Command(s):/usr/bin/make cmTC_7c122/fast && /Library/Developer/CommandLineTools/usr/bin/make  -f CMakeFiles/cmTC_7c122.dir/build.make CMakeFiles/cmTC_7c122.dir/build
Building C object CMakeFiles/cmTC_7c122.dir/OpenMPTryFlag.c.o
/Library/Developer/CommandLineTools/usr/bin/cc   -Wall   -O3 -fopenmp -v -isysroot /Library/Developer/CommandLineTools/SDKs/MacOSX10.15.sdk   -o CMakeFiles/cmTC_7c122.dir/OpenMPTryFlag.c.o   -c /Users/zhouwei/Desktop/ORB_SLAM3/build/CMakeFiles/FindOpenMP/OpenMPTryFlag.c
Apple clang version 11.0.3 (clang-1103.0.32.62)
Target: x86_64-apple-darwin19.6.0
Thread model: posix
InstalledDir: /Library/Developer/CommandLineTools/usr/bin
clang: error: unsupported option '-fopenmp'
make[2]: *** [CMakeFiles/cmTC_7c122.dir/OpenMPTryFlag.c.o] Error 1
make[1]: *** [cmTC_7c122/fast] Error 2



Detecting C OpenMP failed with the following output:
Change Dir: /Users/zhouwei/Desktop/ORB_SLAM3/build/CMakeFiles/CMakeTmp

Run Build Command(s):/usr/bin/make cmTC_a5369/fast && /Library/Developer/CommandLineTools/usr/bin/make  -f CMakeFiles/cmTC_a5369.dir/build.make CMakeFiles/cmTC_a5369.dir/build
Building C object CMakeFiles/cmTC_a5369.dir/OpenMPTryFlag.c.o
/Library/Developer/CommandLineTools/usr/bin/cc   -Wall   -O3 -Xclang -fopenmp -v -isysroot /Library/Developer/CommandLineTools/SDKs/MacOSX10.15.sdk   -o CMakeFiles/cmTC_a5369.dir/OpenMPTryFlag.c.o   -c /Users/zhouwei/Desktop/ORB_SLAM3/build/CMakeFiles/FindOpenMP/OpenMPTryFlag.c
Apple clang version 11.0.3 (clang-1103.0.32.62)
Target: x86_64-apple-darwin19.6.0
Thread model: posix
InstalledDir: /Library/Developer/CommandLineTools/usr/bin
 "/Library/Developer/CommandLineTools/usr/bin/clang" -cc1 -triple x86_64-apple-macosx10.15.0 -Wdeprecated-objc-isa-usage -Werror=deprecated-objc-isa-usage -emit-obj -disable-free -disable-llvm-verifier -discard-value-names -main-file-name OpenMPTryFlag.c -mrelocation-model pic -pic-level 2 -mthread-model posix -mframe-pointer=all -fno-strict-return -masm-verbose -munwind-tables -target-sdk-version=10.15.4 -target-cpu penryn -dwarf-column-info -debugger-tuning=lldb -target-linker-version 556.6 -v -coverage-notes-file /Users/zhouwei/Desktop/ORB_SLAM3/build/CMakeFiles/CMakeTmp/CMakeFiles/cmTC_a5369.dir/OpenMPTryFlag.c.gcno -resource-dir /Library/Developer/CommandLineTools/usr/lib/clang/11.0.3 -isysroot /Library/Developer/CommandLineTools/SDKs/MacOSX10.15.sdk -internal-isystem /Library/Developer/CommandLineTools/SDKs/MacOSX10.15.sdk/usr/local/include -internal-isystem /Library/Developer/CommandLineTools/usr/lib/clang/11.0.3/include -internal-externc-isystem /Library/Developer/CommandLineTools/SDKs/MacOSX10.15.sdk/usr/include -internal-externc-isystem /Library/Developer/CommandLineTools/usr/include -O3 -Wall -Wno-objc-signed-char-bool-implicit-int-conversion -Wno-extra-semi-stmt -Wno-quoted-include-in-framework-header -fdebug-compilation-dir /Users/zhouwei/Desktop/ORB_SLAM3/build/CMakeFiles/CMakeTmp -ferror-limit 19 -fmessage-length 0 -stack-protector 1 -fstack-check -mdarwin-stkchk-strong-link -fblocks -fencode-extended-block-signature -fregister-global-dtors-with-atexit -fobjc-runtime=macosx-10.15.0 -fmax-type-align=16 -fdiagnostics-show-option -vectorize-loops -vectorize-slp -fopenmp -o CMakeFiles/cmTC_a5369.dir/OpenMPTryFlag.c.o -x c /Users/zhouwei/Desktop/ORB_SLAM3/build/CMakeFiles/FindOpenMP/OpenMPTryFlag.c
clang -cc1 version 11.0.3 (clang-1103.0.32.62) default target x86_64-apple-darwin19.6.0
ignoring nonexistent directory "/Library/Developer/CommandLineTools/SDKs/MacOSX10.15.sdk/usr/local/include"
ignoring nonexistent directory "/Library/Developer/CommandLineTools/SDKs/MacOSX10.15.sdk/Library/Frameworks"
#include "..." search starts here:
#include <...> search starts here:
 /Library/Developer/CommandLineTools/usr/lib/clang/11.0.3/include
 /Library/Developer/CommandLineTools/SDKs/MacOSX10.15.sdk/usr/include
 /Library/Developer/CommandLineTools/usr/include
 /Library/Developer/CommandLineTools/SDKs/MacOSX10.15.sdk/System/Library/Frameworks (framework directory)
End of search list.
/Users/zhouwei/Desktop/ORB_SLAM3/build/CMakeFiles/FindOpenMP/OpenMPTryFlag.c:2:10: fatal error: 'omp.h' file not found
#include <omp.h>
         ^~~~~~~
1 error generated.
make[2]: *** [CMakeFiles/cmTC_a5369.dir/OpenMPTryFlag.c.o] Error 1
make[1]: *** [cmTC_a5369/fast] Error 2



Detecting CXX OpenMP failed with the following output:
Change Dir: /Users/zhouwei/Desktop/ORB_SLAM3/build/CMakeFiles/CMakeTmp

Run Build Command(s):/usr/bin/make cmTC_0cc6a/fast && /Library/Developer/CommandLineTools/usr/bin/make  -f CMakeFiles/cmTC_0cc6a.dir/build.make CMakeFiles/cmTC_0cc6a.dir/build
Building CXX object CMakeFiles/cmTC_0cc6a.dir/OpenMPTryFlag.cpp.o
/Library/Developer/CommandLineTools/usr/bin/c++    -Wall   -O3 -std=c++11 -fopenmp=libomp -v -isysroot /Library/Developer/CommandLineTools/SDKs/MacOSX10.15.sdk   -o CMakeFiles/cmTC_0cc6a.dir/OpenMPTryFlag.cpp.o -c /Users/zhouwei/Desktop/ORB_SLAM3/build/CMakeFiles/FindOpenMP/OpenMPTryFlag.cpp
Apple clang version 11.0.3 (clang-1103.0.32.62)
Target: x86_64-apple-darwin19.6.0
Thread model: posix
InstalledDir: /Library/Developer/CommandLineTools/usr/bin
clang: error: unsupported argument 'libomp' to option 'fopenmp='
make[2]: *** [CMakeFiles/cmTC_0cc6a.dir/OpenMPTryFlag.cpp.o] Error 1
make[1]: *** [cmTC_0cc6a/fast] Error 2



Detecting CXX OpenMP failed with the following output:
Change Dir: /Users/zhouwei/Desktop/ORB_SLAM3/build/CMakeFiles/CMakeTmp

Run Build Command(s):/usr/bin/make cmTC_8ab0e/fast && /Library/Developer/CommandLineTools/usr/bin/make  -f CMakeFiles/cmTC_8ab0e.dir/build.make CMakeFiles/cmTC_8ab0e.dir/build
Building CXX object CMakeFiles/cmTC_8ab0e.dir/OpenMPTryFlag.cpp.o
/Library/Developer/CommandLineTools/usr/bin/c++    -Wall   -O3 -std=c++11 -fopenmp=libiomp5 -v -isysroot /Library/Developer/CommandLineTools/SDKs/MacOSX10.15.sdk   -o CMakeFiles/cmTC_8ab0e.dir/OpenMPTryFlag.cpp.o -c /Users/zhouwei/Desktop/ORB_SLAM3/build/CMakeFiles/FindOpenMP/OpenMPTryFlag.cpp
Apple clang version 11.0.3 (clang-1103.0.32.62)
Target: x86_64-apple-darwin19.6.0
Thread model: posix
InstalledDir: /Library/Developer/CommandLineTools/usr/bin
clang: error: unsupported argument 'libiomp5' to option 'fopenmp='
make[2]: *** [CMakeFiles/cmTC_8ab0e.dir/OpenMPTryFlag.cpp.o] Error 1
make[1]: *** [cmTC_8ab0e/fast] Error 2



Detecting CXX OpenMP failed with the following output:
Change Dir: /Users/zhouwei/Desktop/ORB_SLAM3/build/CMakeFiles/CMakeTmp

Run Build Command(s):/usr/bin/make cmTC_a4f3c/fast && /Library/Developer/CommandLineTools/usr/bin/make  -f CMakeFiles/cmTC_a4f3c.dir/build.make CMakeFiles/cmTC_a4f3c.dir/build
Building CXX object CMakeFiles/cmTC_a4f3c.dir/OpenMPTryFlag.cpp.o
/Library/Developer/CommandLineTools/usr/bin/c++    -Wall   -O3 -std=c++11 -fopenmp -v -isysroot /Library/Developer/CommandLineTools/SDKs/MacOSX10.15.sdk   -o CMakeFiles/cmTC_a4f3c.dir/OpenMPTryFlag.cpp.o -c /Users/zhouwei/Desktop/ORB_SLAM3/build/CMakeFiles/FindOpenMP/OpenMPTryFlag.cpp
Apple clang version 11.0.3 (clang-1103.0.32.62)
Target: x86_64-apple-darwin19.6.0
Thread model: posix
InstalledDir: /Library/Developer/CommandLineTools/usr/bin
clang: error: unsupported option '-fopenmp'
make[2]: *** [CMakeFiles/cmTC_a4f3c.dir/OpenMPTryFlag.cpp.o] Error 1
make[1]: *** [cmTC_a4f3c/fast] Error 2



Detecting CXX OpenMP failed with the following output:
Change Dir: /Users/zhouwei/Desktop/ORB_SLAM3/build/CMakeFiles/CMakeTmp

Run Build Command(s):/usr/bin/make cmTC_6bc36/fast && /Library/Developer/CommandLineTools/usr/bin/make  -f CMakeFiles/cmTC_6bc36.dir/build.make CMakeFiles/cmTC_6bc36.dir/build
Building CXX object CMakeFiles/cmTC_6bc36.dir/OpenMPTryFlag.cpp.o
/Library/Developer/CommandLineTools/usr/bin/c++    -Wall   -O3 -std=c++11 -Xclang -fopenmp -v -isysroot /Library/Developer/CommandLineTools/SDKs/MacOSX10.15.sdk   -o CMakeFiles/cmTC_6bc36.dir/OpenMPTryFlag.cpp.o -c /Users/zhouwei/Desktop/ORB_SLAM3/build/CMakeFiles/FindOpenMP/OpenMPTryFlag.cpp
Apple clang version 11.0.3 (clang-1103.0.32.62)
Target: x86_64-apple-darwin19.6.0
Thread model: posix
InstalledDir: /Library/Developer/CommandLineTools/usr/bin
 "/Library/Developer/CommandLineTools/usr/bin/clang" -cc1 -triple x86_64-apple-macosx10.15.0 -Wdeprecated-objc-isa-usage -Werror=deprecated-objc-isa-usage -emit-obj -disable-free -disable-llvm-verifier -discard-value-names -main-file-name OpenMPTryFlag.cpp -mrelocation-model pic -pic-level 2 -mthread-model posix -mframe-pointer=all -fno-strict-return -masm-verbose -munwind-tables -target-sdk-version=10.15.4 -target-cpu penryn -dwarf-column-info -debugger-tuning=lldb -target-linker-version 556.6 -v -coverage-notes-file /Users/zhouwei/Desktop/ORB_SLAM3/build/CMakeFiles/CMakeTmp/CMakeFiles/cmTC_6bc36.dir/OpenMPTryFlag.cpp.gcno -resource-dir /Library/Developer/CommandLineTools/usr/lib/clang/11.0.3 -isysroot /Library/Developer/CommandLineTools/SDKs/MacOSX10.15.sdk -stdlib=libc++ -internal-isystem /Library/Developer/CommandLineTools/usr/bin/../include/c++/v1 -internal-isystem /Library/Developer/CommandLineTools/SDKs/MacOSX10.15.sdk/usr/include/c++/v1 -internal-isystem /Library/Developer/CommandLineTools/SDKs/MacOSX10.15.sdk/usr/local/include -internal-isystem /Library/Developer/CommandLineTools/usr/lib/clang/11.0.3/include -internal-externc-isystem /Library/Developer/CommandLineTools/SDKs/MacOSX10.15.sdk/usr/include -internal-externc-isystem /Library/Developer/CommandLineTools/usr/include -O3 -Wall -Wno-objc-signed-char-bool-implicit-int-conversion -Wno-extra-semi-stmt -Wno-quoted-include-in-framework-header -std=c++11 -fdeprecated-macro -fdebug-compilation-dir /Users/zhouwei/Desktop/ORB_SLAM3/build/CMakeFiles/CMakeTmp -ferror-limit 19 -fmessage-length 0 -stack-protector 1 -fstack-check -mdarwin-stkchk-strong-link -fblocks -fencode-extended-block-signature -fregister-global-dtors-with-atexit -fobjc-runtime=macosx-10.15.0 -fcxx-exceptions -fexceptions -fmax-type-align=16 -fdiagnostics-show-option -vectorize-loops -vectorize-slp -fopenmp -o CMakeFiles/cmTC_6bc36.dir/OpenMPTryFlag.cpp.o -x c++ /Users/zhouwei/Desktop/ORB_SLAM3/build/CMakeFiles/FindOpenMP/OpenMPTryFlag.cpp
clang -cc1 version 11.0.3 (clang-1103.0.32.62) default target x86_64-apple-darwin19.6.0
ignoring nonexistent directory "/Library/Developer/CommandLineTools/SDKs/MacOSX10.15.sdk/usr/include/c++/v1"
ignoring nonexistent directory "/Library/Developer/CommandLineTools/SDKs/MacOSX10.15.sdk/usr/local/include"
ignoring nonexistent directory "/Library/Developer/CommandLineTools/SDKs/MacOSX10.15.sdk/Library/Frameworks"
#include "..." search starts here:
#include <...> search starts here:
 /Library/Developer/CommandLineTools/usr/bin/../include/c++/v1
 /Library/Developer/CommandLineTools/usr/lib/clang/11.0.3/include
 /Library/Developer/CommandLineTools/SDKs/MacOSX10.15.sdk/usr/include
 /Library/Developer/CommandLineTools/usr/include
 /Library/Developer/CommandLineTools/SDKs/MacOSX10.15.sdk/System/Library/Frameworks (framework directory)
End of search list.
/Users/zhouwei/Desktop/ORB_SLAM3/build/CMakeFiles/FindOpenMP/OpenMPTryFlag.cpp:2:10: fatal error: 'omp.h' file not found
#include <omp.h>
         ^~~~~~~
1 error generated.
make[2]: *** [CMakeFiles/cmTC_6bc36.dir/OpenMPTryFlag.cpp.o] Error 1
make[1]: *** [cmTC_6bc36/fast] Error 2



